{
  "stats": {
    "suites": 1,
    "tests": 1,
    "passes": 1,
    "pending": 0,
    "failures": 0,
    "start": "2022-10-04T14:33:13.724Z",
    "end": "2022-10-04T14:33:19.487Z",
    "duration": 5763,
    "testsRegistered": 1,
    "passPercent": 100,
    "pendingPercent": 0,
    "other": 0,
    "hasOther": false,
    "skipped": 0,
    "hasSkipped": false
  },
  "results": [
    {
      "uuid": "61c15346-6272-4f0a-ad1b-835dd978ae9d",
      "title": "",
      "fullFile": "e2e/login.cy.js",
      "file": "e2e/login.cy.js",
      "beforeHooks": [],
      "afterHooks": [],
      "tests": [],
      "suites": [
        {
          "uuid": "21d593a0-a00a-49ac-92b8-8e60f3f993a5",
          "title": "Login Functionality",
          "fullFile": "",
          "file": "",
          "beforeHooks": [],
          "afterHooks": [],
          "tests": [
            {
              "title": "Redirects to login if not logged in",
              "fullTitle": "Login Functionality Redirects to login if not logged in",
              "timedOut": null,
              "duration": 5720,
              "state": "passed",
              "speed": "medium",
              "pass": true,
              "fail": false,
              "pending": false,
              "context": null,
              "code": "cy.contains(\"Sign in to access your store account now.\");\ncy.url().should(\"include\", Cypress.env(\"login_url\"));",
              "err": {},
              "uuid": "6ad7b448-2510-44ea-81b7-343f9d17c2b3",
              "parentUUID": "21d593a0-a00a-49ac-92b8-8e60f3f993a5",
              "isHook": false,
              "skipped": false
            }
          ],
          "suites": [],
          "passes": [
            "6ad7b448-2510-44ea-81b7-343f9d17c2b3"
          ],
          "failures": [],
          "pending": [],
          "skipped": [],
          "duration": 5720,
          "root": false,
          "rootEmpty": false,
          "_timeout": 2000
        }
      ],
      "passes": [],
      "failures": [],
      "pending": [],
      "skipped": [],
      "duration": 0,
      "root": true,
      "rootEmpty": true,
      "_timeout": 2000
    }
  ],
  "meta": {
    "mocha": {
      "version": "7.0.1"
    },
    "mochawesome": {
      "options": {
        "quiet": true,
        "reportFilename": "mochawesome",
        "saveHtml": false,
        "saveJson": true,
        "consoleReporter": "spec",
        "useInlineDiffs": false,
        "code": true
      },
      "version": "7.1.3"
    },
    "marge": {
      "options": {
        "id": "default",
        "reportDir": "cypress/reports/html",
        "quiet": true,
        "overwrite": false,
        "html": false,
        "json": true
      },
      "version": "6.2.0"
    }
  }
}